<?xml version="1.0" encoding="UTF-8"?>
<Site BuildName="Linux-g++"
	BuildStamp="20260904-2128-Experimental"
	Name="2MQ5300918"
	Generator="ctest-3.28.3"
	CompilerName="/usr/bin/g++"
	CompilerVersion="13.3.0"
	OSName="Linux"
	Hostname="2MQ5300918"
	OSRelease="6.6.87.2-microsoft-standard-WSL2"
	OSVersion="#1 SMP PREEMPT_DYNAMIC Thu Jun  5 18:30:46 UTC 2025"
	OSPlatform="x86_64"
	Is64Bits="1"
	VendorString="GenuineIntel"
	VendorID="Intel Corporation"
	FamilyID="6"
	ModelID="170"
	ProcessorCacheSize="24576"
	NumberOfLogicalCPU="4"
	NumberOfPhysicalCPU="2"
	TotalVirtualMemory="8192"
	TotalPhysicalMemory="11963"
	LogicalProcessorsPerPhysical="2"
	ProcessorClockFrequency="2995.2"
	>
	<Testing>
		<StartDateTime>Sep 04 16:28 CDT</StartDateTime>
		<StartTestTime>1788557302</StartTestTime>
		<TestList/>
		<EndDateTime>Sep 04 16:28 CDT</EndDateTime>
		<EndTestTime>1788557302</EndTestTime>
		<ElapsedMinutes>0</ElapsedMinutes>
	</Testing>
</Site>
